<?xml version="1.0" encoding="UTF-8"?>
<!-- Generated by org.testng.reporters.JUnitXMLReporter -->
<testsuite ignored="0" hostname="shahanks-pc" failures="0" tests="11" name="Surefire test" time="8.458" errors="0" timestamp="2024-11-05T13:01:46 IST">
  <testcase classname="APITest" name="LoginUser_POST" time="3.023"/>
  <testcase classname="APITest" name="LanguageUpdate_PUT" time="0.264"/>
  <testcase classname="APITest" name="Language_GET" time="0.248"/>
  <testcase classname="APITest" name="GetRepositoryDetails_GET" time="0.328"/>
  <testcase classname="APITest" name="GetPersonaDetails_GET" time="0.295"/>
  <testcase classname="APITest" name="GetLanguageList_GET" time="0.217"/>
  <testcase classname="APITest" name="ChatWithPersona_POST" time="1.668"/>
  <testcase classname="APITest" name="GetFeedback_POST" time="1.281"/>
  <testcase classname="APITest" name="GetVideoDuration_GET" time="0.523"/>
  <testcase classname="APITest" name="UserLogout_POST" time="0.217"/>
  <testcase classname="APITest" name="ForgotPassword_POST" time="0.214"/>
</testsuite> <!-- Surefire test -->
