<?xml version="1.0" encoding="UTF-8"?>
<testng-results ignored="0" total="11" passed="11" failed="0" skipped="0">
  <reporter-output>
  </reporter-output>
  <suite started-at="2024-11-05T13:01:38 IST" name="Surefire suite" finished-at="2024-11-05T13:01:46 IST" duration-ms="8458">
    <groups>
    </groups>
    <test started-at="2024-11-05T13:01:38 IST" name="Surefire test" finished-at="2024-11-05T13:01:46 IST" duration-ms="8458">
      <class name="APITest">
        <test-method signature="LoginUser_POST()[pri:1, instance:APITest@57d7f8ca]" started-at="2024-11-05T13:01:38 IST" name="LoginUser_POST" finished-at="2024-11-05T13:01:41 IST" duration-ms="3023" status="PASS">
          <reporter-output>
          </reporter-output>
        </test-method> <!-- LoginUser_POST -->
        <test-method signature="LanguageUpdate_PUT()[pri:2, instance:APITest@57d7f8ca]" started-at="2024-11-05T13:01:41 IST" name="LanguageUpdate_PUT" finished-at="2024-11-05T13:01:41 IST" depends-on-methods="APITest.LoginUser_POST" duration-ms="264" status="PASS">
          <reporter-output>
          </reporter-output>
        </test-method> <!-- LanguageUpdate_PUT -->
        <test-method signature="Language_GET()[pri:3, instance:APITest@57d7f8ca]" started-at="2024-11-05T13:01:41 IST" name="Language_GET" finished-at="2024-11-05T13:01:41 IST" depends-on-methods="APITest.LoginUser_POST" duration-ms="248" status="PASS">
          <reporter-output>
          </reporter-output>
        </test-method> <!-- Language_GET -->
        <test-method signature="GetRepositoryDetails_GET()[pri:4, instance:APITest@57d7f8ca]" started-at="2024-11-05T13:01:41 IST" name="GetRepositoryDetails_GET" finished-at="2024-11-05T13:01:42 IST" depends-on-methods="APITest.LoginUser_POST" duration-ms="328" status="PASS">
          <reporter-output>
          </reporter-output>
        </test-method> <!-- GetRepositoryDetails_GET -->
        <test-method signature="GetPersonaDetails_GET()[pri:5, instance:APITest@57d7f8ca]" started-at="2024-11-05T13:01:42 IST" name="GetPersonaDetails_GET" finished-at="2024-11-05T13:01:42 IST" depends-on-methods="APITest.LoginUser_POST, APITest.GetRepositoryDetails_GET" duration-ms="295" status="PASS">
          <reporter-output>
          </reporter-output>
        </test-method> <!-- GetPersonaDetails_GET -->
        <test-method signature="GetLanguageList_GET()[pri:6, instance:APITest@57d7f8ca]" started-at="2024-11-05T13:01:42 IST" name="GetLanguageList_GET" finished-at="2024-11-05T13:01:42 IST" depends-on-methods="APITest.LoginUser_POST" duration-ms="217" status="PASS">
          <reporter-output>
          </reporter-output>
        </test-method> <!-- GetLanguageList_GET -->
        <test-method signature="ChatWithPersona_POST()[pri:7, instance:APITest@57d7f8ca]" started-at="2024-11-05T13:01:42 IST" name="ChatWithPersona_POST" finished-at="2024-11-05T13:01:44 IST" depends-on-methods="APITest.LoginUser_POST, APITest.GetRepositoryDetails_GET, APITest.GetPersonaDetails_GET" duration-ms="1668" status="PASS">
          <reporter-output>
          </reporter-output>
        </test-method> <!-- ChatWithPersona_POST -->
        <test-method signature="GetFeedback_POST()[pri:8, instance:APITest@57d7f8ca]" started-at="2024-11-05T13:01:44 IST" name="GetFeedback_POST" finished-at="2024-11-05T13:01:45 IST" depends-on-methods="APITest.LoginUser_POST" duration-ms="1281" status="PASS">
          <reporter-output>
          </reporter-output>
        </test-method> <!-- GetFeedback_POST -->
        <test-method signature="GetVideoDuration_GET()[pri:9, instance:APITest@57d7f8ca]" started-at="2024-11-05T13:01:45 IST" name="GetVideoDuration_GET" finished-at="2024-11-05T13:01:46 IST" depends-on-methods="APITest.LoginUser_POST, APITest.GetRepositoryDetails_GET, APITest.GetPersonaDetails_GET" duration-ms="523" status="PASS">
          <reporter-output>
          </reporter-output>
        </test-method> <!-- GetVideoDuration_GET -->
        <test-method signature="UserLogout_POST()[pri:10, instance:APITest@57d7f8ca]" started-at="2024-11-05T13:01:46 IST" name="UserLogout_POST" finished-at="2024-11-05T13:01:46 IST" depends-on-methods="APITest.LoginUser_POST" duration-ms="217" status="PASS">
          <reporter-output>
          </reporter-output>
        </test-method> <!-- UserLogout_POST -->
        <test-method signature="ForgotPassword_POST()[pri:11, instance:APITest@57d7f8ca]" started-at="2024-11-05T13:01:46 IST" name="ForgotPassword_POST" finished-at="2024-11-05T13:01:46 IST" duration-ms="214" status="PASS">
          <reporter-output>
          </reporter-output>
        </test-method> <!-- ForgotPassword_POST -->
      </class> <!-- APITest -->
    </test> <!-- Surefire test -->
  </suite> <!-- Surefire suite -->
</testng-results>
