<?xml version="1.0" encoding="UTF-8"?>
<testsuite xmlns:xsi="http://www.w3.org/2001/XMLSchema-instance" xsi:noNamespaceSchemaLocation="https://maven.apache.org/surefire/maven-surefire-plugin/xsd/surefire-test-report-3.0.xsd" version="3.0" name="TestSuite" time="9.207" tests="11" errors="0" skipped="0" failures="0">
  <properties>
[...]
</properties>
  <testcase name="LoginUser_POST" classname="APITest" time="3.07">
    <system-out><![CDATA[{"email":"vishal@mailinator.com","password":"Vishal@123"}
eyJhbGciOiJIUzI1NiIsInR5cCI6IkpXVCJ9.eyJpZCI6MTAsImp0aSI6ImRiNjFhYzFnZTQwYmEwNzZmYTU0NDYyNTk4NzRnNGMxZ2IyMDFlN2MiLCJpYXQiOjE3MzA3OTE4OTYsImV4cCI6MTc2MjM0OTQ5Nn0.NZ1X4sC7e_eiwWSrQxvDjdUTkW6AsalmmgslBBEj5NQ
{"message":"User login successfully.","data":{"email":"vishal@mailinator.com","country":null,"countryCode":null,"phoneNumber":null,"changePasswordStatus":1,"auth":{"tokenType":"Bearer","accessToken":"eyJhbGciOiJIUzI1NiIsInR5cCI6IkpXVCJ9.eyJpZCI6MTAsImp0aSI6ImRiNjFhYzFnZTQwYmEwNzZmYTU0NDYyNTk4NzRnNGMxZ2IyMDFlN2MiLCJpYXQiOjE3MzA3OTE4OTYsImV4cCI6MTc2MjM0OTQ5Nn0.NZ1X4sC7e_eiwWSrQxvDjdUTkW6AsalmmgslBBEj5NQ","refreshToken":null,"expiresIn":31536000}}}
]]></system-out>
    <system-err><![CDATA[SLF4J: Failed to load class "org.slf4j.impl.StaticLoggerBinder".
SLF4J: Defaulting to no-operation (NOP) logger implementation
SLF4J: See http://www.slf4j.org/codes.html#StaticLoggerBinder for further details.
]]></system-err>
  </testcase>
  <testcase name="LanguageUpdate_PUT" classname="APITest" time="0.277">
    <system-out><![CDATA[eyJhbGciOiJIUzI1NiIsInR5cCI6IkpXVCJ9.eyJpZCI6MTAsImp0aSI6ImRiNjFhYzFnZTQwYmEwNzZmYTU0NDYyNTk4NzRnNGMxZ2IyMDFlN2MiLCJpYXQiOjE3MzA3OTE4OTYsImV4cCI6MTc2MjM0OTQ5Nn0.NZ1X4sC7e_eiwWSrQxvDjdUTkW6AsalmmgslBBEj5NQ
{"languageId": "22","language": "English"}
{"message":"Language change successfully.","success":true}
]]></system-out>
  </testcase>
  <testcase name="Language_GET" classname="APITest" time="0.254">
    <system-out><![CDATA[{"message":"Language Get successfully.","success":true,"data":{"languageId":"22","language":"English"}}
]]></system-out>
  </testcase>
  <testcase name="GetRepositoryDetails_GET" classname="APITest" time="0.328">
    <system-out><![CDATA[{
    "message": "success",
    "success": true,
    "data": [
        {
            "id": 40,
            "userId": 10,
            "name": "Animated Repository",
            "image": "https://staging.bes-learning.com/ai-coach/admin/repositoryImage/repositoryImage-69176adcc171d867-1726035141632.jpg",
            "accountDetails": {
                "accountImage": "https://staging.bes-learning.com/ai-coach/accountImage/accountImage-1724329731946.jpeg"
            },
            "personaCount": "02",
            "rating": 0
        },
        {
            "id": 51,
            "userId": 10,
            "name": "Non-animated repository",
            "image": "https://staging.bes-learning.com/ai-coach/admin/repositoryImage/repositoryImage-dc61bf5dfd3479c6-1726037249727.png",
            "accountDetails": {
                "accountImage": "https://staging.bes-learning.com/ai-coach/accountImage/accountImage-1724329731946.jpeg"
            },
            "personaCount": "01",
            "rating": 0
        },
        {
            "id": 120,
            "userId": 10,
            "name": "Kibo NobleKibo NobleKibo NobleKibo NobleKibo NobleKibo NobleKibo NobleKibo NobleKibo NobleKibo NobleKibo NobleKibo NobleKibo NobleKibo NobleKibo NobleKibo NobleKibo NobleKibo NobleKibo NobleKibo NobleKibo NobleKibo NobleKibo NobleKibo NobleKibo Noble",
            "image": "https://staging.bes-learning.com/ai-coach/admin/repositoryImage/repositoryImage-6e4e3dff4d674b44-1728977613290.png",
            "accountDetails": {
                "accountImage": "https://staging.bes-learning.com/ai-coach/accountImage/accountImage-1724329731946.jpeg"
            },
            "personaCount": "08",
            "rating": 0
        },
        {
            "id": 122,
            "userId": 10,
            "name": "Cadman Preston",
            "image": "https://staging.bes-learning.com/ai-coach/admin/repositoryImage/repositoryImage-a1805c40eda8ac9b-1729238325577.png",
            "accountDetails": {
                "accountImage": "https://staging.bes-learning.com/ai-coach/accountImage/accountImage-1724329731946.jpeg"
            },
            "personaCount": "03",
            "rating": 0
        }
    ],
    "meta": {
        "total": 4,
        "currentPage": 1,
        "perPage": 10,
        "lastPage": 1
    }
}
---------------------repoId: 40
]]></system-out>
  </testcase>
  <testcase name="GetPersonaDetails_GET" classname="APITest" time="0.299">
    <system-out><![CDATA[------------------------------79
------------------------------https://staging.bes-learning.com/ai-coach/admin/repositoryPersonaImage/image-00db11033b09bd8a-1726117575627.png
{
    "message": "Success",
    "success": true,
    "data": [
        {
            "id": 79,
            "userId": 10,
            "repositoryId": 40,
            "image": "https://staging.bes-learning.com/ai-coach/admin/repositoryPersonaImage/image-00db11033b09bd8a-1726117575627.png",
            "simulationType": "Job Interview Simulation",
            "userRole": "Job Candidate",
            "aiName": "InterviewBot",
            "aiRole": "Job Interviewer",
            "publicDes": "A simulation of a job interview for a marketing manager position. The AI acts as the interviewer, while the user is the candidate being interviewed.",
            "additionalInformation": "The job is for a mid-level marketing position focusing on digital strategy.\r\nThe AI should ask questions about the candidate's experience with digital campaigns, team leadership, and marketing analytics.\r\nThe user should be prepared to discuss past projects, key metrics, and how they handled challenges in previous roles.",
            "userGoal": "To successfully complete the interview and convince the AI that they are the best fit for the marketing manager role.",
            "aiVoice": "en-US-AvaMultilingualNeural",
            "aiVoiceId": "en-US-AvaMultilingualNeural",
            "aiAnimation": 1,
            "aiGif": "https://staging.bes-learning.com/ai-coach/admin/image-00db11033b09bd8a-1726117575627.mp4"
        },
        {
            "id": 80,
            "userId": 10,
            "repositoryId": 40,
            "image": "https://staging.bes-learning.com/ai-coach/admin/repositoryPersonaImage/image-6c788c4b98018112-1726117632146.png",
            "simulationType": "Incididunt dolor lor",
            "userRole": "Magni quis est volup",
            "aiName": "Mannix Mendez",
            "aiRole": "Hic aut tempore sit",
            "publicDes": "Aliquam sed non et c",
            "additionalInformation": "Quo quis et quaerat ",
            "userGoal": "Fugiat dolorem volu",
            "aiVoice": "de-DE-FlorianMultilingualNeural",
            "aiVoiceId": "de-DE-FlorianMultilingualNeural",
            "aiAnimation": 1,
            "aiGif": "https://staging.bes-learning.com/ai-coach/admin/image-6c788c4b98018112-1726117632146.mp4"
        }
    ],
    "meta": {
        "total": 2,
        "currentPage": 1,
        "perPage": 10,
        "lastPage": 1
    }
}
]]></system-out>
  </testcase>
  <testcase name="GetLanguageList_GET" classname="APITest" time="0.221">
    <system-out><![CDATA[{
    "message": "Languages list retrieved successfully.",
    "success": true,
    "data": [
        {
            "id": 22,
            "name": "English"
        }
    ]
}
]]></system-out>
  </testcase>
  <testcase name="ChatWithPersona_POST" classname="APITest" time="1.672">
    <system-out><![CDATA[{"personaId": "79", "language": "English", "content": [{"role": "user", "content": "Marketing manager"}]}
{
    "data": {
        "message": "Thank you for your interest in the Marketing Manager position. To start, could you please describe your experience with digital marketing campaigns? Specifically, I would like to know about a campaign you led, the strategies you employed, and the outcomes you achieved.",
        "aiVoice": "en-US-AvaMultilingualNeural",
        "aiVoiceId": "en-US-AvaMultilingualNeural",
        "aiAnimation": 1,
        "lastMessage": "Thank you for your interest in the marketing manager position. To start, could you please tell me about your background in marketing and any specific experience you have with digital campaigns?"
    }
}
]]></system-out>
  </testcase>
  <testcase name="GetFeedback_POST" classname="APITest" time="1.293">
    <system-out><![CDATA[{"personaId": "79", "language": "English", "lastAIMessage": "Last AI Message", "lastUserMessage": "Last User Message"}
{
    "data": {
        "message": "It seems there is no specific content provided from the conversation between the Job Interviewer and Job Candidate. To give appropriate feedback, I would need to see the details of their interaction. Please provide the excerpts of the conversation for a thorough analysis."
    }
}
]]></system-out>
  </testcase>
  <testcase name="GetVideoDuration_GET" classname="APITest" time="0.53">
    <system-out><![CDATA[{
    "message": "Success",
    "success": true
}
]]></system-out>
  </testcase>
  <testcase name="UserLogout_POST" classname="APITest" time="0.233">
    <system-out><![CDATA[{"message":"User logged out successfully."}
]]></system-out>
  </testcase>
  <testcase name="ForgotPassword_POST" classname="APITest" time="0.226">
    <system-out><![CDATA[{"email": "vishal@mailinator.com"}
{"message":"Please check your inbox. We sent you an email with reset password link."}
]]></system-out>
  </testcase>
</testsuite>